<?xml version="1.0" encoding="UTF-8"?>
<!-- Generated by org.testng.reporters.JUnitReportReporter -->
<testsuite hostname="BLACKHOLE" failures="0" tests="1" name="org.tgp1.one.DeleteLead" time="17.405" errors="0" timestamp="2024-03-23T18:11:35 IST" skipped="0">
  <testcase classname="org.tgp1.one.DeleteLead" name="deleteLead" time="17.405"/>
  <system-out/>
</testsuite> <!-- org.tgp1.one.DeleteLead -->
