<?xml version="1.0" encoding="UTF-8"?>
<!-- Generated by org.testng.reporters.JUnitReportReporter -->
<testsuite hostname="BLACKHOLE" failures="0" tests="1" name="org.tgp31.EditLead" time="19.076" errors="0" timestamp="2024-03-25T17:44:47 IST" skipped="0">
  <testcase classname="org.tgp31.EditLead" name="editLead" time="19.076"/>
  <system-out/>
</testsuite> <!-- org.tgp31.EditLead -->
