<?xml version="1.0" encoding="UTF-8"?>
<!-- Generated by org.testng.reporters.JUnitReportReporter -->
<testsuite hostname="BLACKHOLE" failures="0" tests="2" name="org.tgp2.TGP26Grouping3" time="0.014" errors="0" timestamp="2024-03-25T16:34:53 IST" skipped="0">
  <testcase classname="org.tgp2.TGP26Grouping3" name="method1" time="0.012"/>
  <system-out/>
  <testcase classname="org.tgp2.TGP26Grouping3" name="method2" time="0.002"/>
  <system-out/>
</testsuite> <!-- org.tgp2.TGP26Grouping3 -->
