<?xml version="1.0" encoding="UTF-8"?>
<!-- Generated by org.testng.reporters.JUnitReportReporter -->
<testsuite hostname="BLACKHOLE" failures="0" tests="2" name="org.tgp2.two.TGP21" time="0.012" errors="0" timestamp="2024-03-23T18:30:04 IST" skipped="0">
  <testcase classname="org.tgp2.two.TGP21" name="createLead" time="0.009"/>
  <system-out/>
  <testcase classname="org.tgp2.two.TGP21" name="editLead" time="0.003"/>
  <system-out/>
</testsuite> <!-- org.tgp2.two.TGP21 -->
