<?xml version="1.0" encoding="UTF-8"?>
<!-- Generated by org.testng.reporters.JUnitReportReporter -->
<testsuite hostname="BLACKHOLE" failures="0" tests="1" name="org.tgp4Task2.EditLead" time="17.893" errors="0" timestamp="2024-03-27T02:07:15 IST" skipped="0">
  <testcase classname="org.tgp4Task2.EditLead" name="editLead" time="17.893"/>
  <system-out/>
</testsuite> <!-- org.tgp4Task2.EditLead -->
