<?xml version="1.0" encoding="UTF-8"?>
<!-- Generated by org.testng.reporters.JUnitReportReporter -->
<testsuite hostname="BLACKHOLE" failures="0" tests="1" name="org.tgp4Task.DeleteLead" time="20.505" errors="0" timestamp="2024-03-27T01:05:20 IST" skipped="0">
  <testcase classname="org.tgp4Task.DeleteLead" name="deleteLead" time="20.505"/>
  <system-out/>
</testsuite> <!-- org.tgp4Task.DeleteLead -->
