<?xml version="1.0" encoding="UTF-8"?>
<!-- Generated by org.testng.reporters.JUnitReportReporter -->
<testsuite hostname="BLACKHOLE" failures="0" tests="2" name="org.tgp31.DeleteLead" time="33.024" errors="0" timestamp="2024-03-25T17:44:47 IST" skipped="0">
  <testcase classname="org.tgp31.DeleteLead" name="deleteLead" time="16.777"/>
  <system-out/>
  <testcase classname="org.tgp31.DeleteLead" name="deleteLead" time="16.247"/>
  <system-out/>
</testsuite> <!-- org.tgp31.DeleteLead -->
