<?xml version="1.0" encoding="UTF-8"?>
<!-- Generated by org.testng.reporters.JUnitReportReporter -->
<testsuite hostname="BLACKHOLE" failures="0" tests="1" name="org.tgp2.TGP22Annotation" time="0.013" errors="0" timestamp="2024-03-25T15:07:28 IST" skipped="0">
  <testcase classname="org.tgp2.TGP22Annotation" name="test" time="0.013"/>
  <system-out/>
</testsuite> <!-- org.tgp2.TGP22Annotation -->
