<?xml version="1.0" encoding="UTF-8"?>
<!-- Generated by org.testng.reporters.JUnitReportReporter -->
<testsuite hostname="BLACKHOLE" failures="0" tests="1" name="org.tgp7.DeleteLead" time="20.752" errors="0" timestamp="2024-03-27T20:04:03 IST" skipped="0">
  <testcase classname="org.tgp7.DeleteLead" name="deleteLead" time="20.752"/>
  <system-out/>
</testsuite> <!-- org.tgp7.DeleteLead -->
