<?xml version="1.0" encoding="UTF-8"?>
<!-- Generated by org.testng.reporters.JUnitReportReporter -->
<testsuite hostname="BLACKHOLE" failures="0" tests="1" name="org.tgp2.TGP27Parameters" time="6.472" errors="0" timestamp="2024-03-25T16:51:46 IST" skipped="0">
  <testcase classname="org.tgp2.TGP27Parameters" name="login" time="6.472"/>
  <system-out/>
</testsuite> <!-- org.tgp2.TGP27Parameters -->
