<?xml version="1.0" encoding="UTF-8"?>
<!-- Generated by org.testng.reporters.JUnitReportReporter -->
<testsuite hostname="BLACKHOLE" failures="0" tests="2" name="org.tgp31.CreateLead" time="26.401" errors="0" timestamp="2024-03-25T17:44:47 IST" skipped="0">
  <testcase classname="org.tgp31.CreateLead" name="createLead" time="13.565"/>
  <system-out/>
  <testcase classname="org.tgp31.CreateLead" name="createLead" time="12.836"/>
  <system-out/>
</testsuite> <!-- org.tgp31.CreateLead -->
