<?xml version="1.0" encoding="UTF-8"?>
<!-- Generated by org.testng.reporters.JUnitReportReporter -->
<testsuite hostname="BLACKHOLE" failures="0" tests="10" name="org.tgp2.TGP23Attributes" time="0.043" errors="0" timestamp="2024-03-25T15:34:27 IST" skipped="0">
  <testcase classname="org.tgp2.TGP23Attributes" name="method5" time="0.013"/>
  <system-out/>
  <testcase classname="org.tgp2.TGP23Attributes" name="method4" time="0.002"/>
  <system-out/>
  <testcase classname="org.tgp2.TGP23Attributes" name="method3" time="0.002"/>
  <system-out/>
  <testcase classname="org.tgp2.TGP23Attributes" name="method1" time="0.008"/>
  <system-out/>
  <testcase classname="org.tgp2.TGP23Attributes" name="method4" time="0.003"/>
  <system-out/>
  <testcase classname="org.tgp2.TGP23Attributes" name="method4" time="0.003"/>
  <system-out/>
  <testcase classname="org.tgp2.TGP23Attributes" name="method4" time="0.002"/>
  <system-out/>
  <testcase classname="org.tgp2.TGP23Attributes" name="method2" time="0.002"/>
  <system-out/>
  <testcase classname="org.tgp2.TGP23Attributes" name="method4" time="0.006"/>
  <system-out/>
  <testcase classname="org.tgp2.TGP23Attributes" name="method6" time="0.002"/>
  <system-out/>
</testsuite> <!-- org.tgp2.TGP23Attributes -->
