<?xml version="1.0" encoding="UTF-8"?>
<!-- Generated by org.testng.reporters.JUnitReportReporter -->
<testsuite hostname="BLACKHOLE" failures="0" tests="1" name="org.tgp4.EditLead" time="20.457" errors="0" timestamp="2024-03-26T16:47:59 IST" skipped="0">
  <testcase classname="org.tgp4.EditLead" name="editLead" time="20.457"/>
  <system-out/>
</testsuite> <!-- org.tgp4.EditLead -->
