<?xml version="1.0" encoding="UTF-8"?>
<!-- Generated by org.testng.reporters.JUnitReportReporter -->
<testsuite hostname="BLACKHOLE" failures="0" tests="1" name="org.tgp5.BaseClass" time="18.104" errors="0" timestamp="2024-03-26T18:11:50 IST" skipped="0">
  <testcase classname="org.tgp5.BaseClass" name="beforeMethod" time="18.104"/>
  <system-out/>
</testsuite> <!-- org.tgp5.BaseClass -->
