<?xml version="1.0" encoding="UTF-8"?>
<!-- Generated by org.testng.reporters.JUnitReportReporter -->
<testsuite hostname="BLACKHOLE" failures="0" tests="1" name="org.tgp2.TGP25Grouping2" time="0.009" errors="0" timestamp="2024-03-25T16:26:11 IST" skipped="0">
  <testcase classname="org.tgp2.TGP25Grouping2" name="method1" time="0.009"/>
  <system-out/>
</testsuite> <!-- org.tgp2.TGP25Grouping2 -->
