<?xml version="1.0" encoding="UTF-8"?>
<!-- Generated by org.testng.reporters.JUnitReportReporter -->
<testsuite hostname="BLACKHOLE" failures="0" tests="1" name="org.tgp3.DeleteLead" time="18.853" errors="0" timestamp="2024-03-25T17:04:44 IST" skipped="0">
  <testcase classname="org.tgp3.DeleteLead" name="deleteLead" time="18.853"/>
  <system-out/>
</testsuite> <!-- org.tgp3.DeleteLead -->
