<?xml version="1.0" encoding="UTF-8"?>
<!-- Generated by org.testng.reporters.JUnitReportReporter -->
<testsuite hostname="BLACKHOLE" failures="0" tests="3" name="org.tgp2.TGP21" time="0.007" errors="0" timestamp="2024-03-25T15:30:17 IST" skipped="0">
  <testcase classname="org.tgp2.TGP21" name="editLead" time="0.002"/>
  <system-out/>
  <testcase classname="org.tgp2.TGP21" name="deleteLead" time="0.003"/>
  <system-out/>
  <testcase classname="org.tgp2.TGP21" name="createLead" time="0.002"/>
  <system-out/>
</testsuite> <!-- org.tgp2.TGP21 -->
