<?xml version="1.0" encoding="UTF-8"?>
<!-- Generated by org.testng.reporters.JUnitReportReporter -->
<testsuite hostname="BLACKHOLE" failures="0" tests="1" name="org.tgp4Task.EditLead" time="19.981" errors="0" timestamp="2024-03-27T01:02:23 IST" skipped="0">
  <testcase classname="org.tgp4Task.EditLead" name="editLead" time="19.981"/>
  <system-out/>
</testsuite> <!-- org.tgp4Task.EditLead -->
