<?xml version="1.0" encoding="UTF-8"?>
<!-- Generated by org.testng.reporters.JUnitReportReporter -->
<testsuite hostname="BLACKHOLE" failures="0" tests="2" name="org.tgp2.TGP24Grouping1" time="0.015" errors="0" timestamp="2024-03-25T16:05:24 IST" skipped="0">
  <testcase classname="org.tgp2.TGP24Grouping1" name="method2" time="0.002"/>
  <system-out/>
  <testcase classname="org.tgp2.TGP24Grouping1" name="method1" time="0.013"/>
  <system-out/>
</testsuite> <!-- org.tgp2.TGP24Grouping1 -->
